<?xml version="1.0" encoding="UTF-8"?>
<!-- Generated by org.testng.reporters.JUnitXMLReporter -->
<testsuite ignored="0" hostname="DSV" failures="0" tests="0" name="Test" time="0.964" errors="0" timestamp="2024-08-10T09:59:43 IST">
  <testcase classname="genericUtilities.BaseClass" name="@BeforeClass classSetUp" time="0.026">
    <failure type="org.apache.poi.EmptyFileException" message="The supplied file was empty (zero bytes long)">
      <![CDATA[org.apache.poi.EmptyFileException: The supplied file was empty (zero bytes long)
at org.apache.poi.ss.usermodel.WorkbookFactory.create(WorkbookFactory.java:218)
at org.apache.poi.ss.usermodel.WorkbookFactory.create(WorkbookFactory.java:185)
at genericUtilities.ExcelUtility.excelInit(ExcelUtility.java:38)
at genericUtilities.BaseClass.classSetUp(BaseClass.java:48)
at java.base/java.util.ArrayList.forEach(ArrayList.java:1511)
... Removed 23 stack frames]]>
    </failure>
  </testcase> <!-- @BeforeClass classSetUp -->
  <testcase classname="genericUtilities.BaseClass" name="@BeforeMethod methodSetUp" time="-1.723264182556E9">
    <skipped/>
  </testcase> <!-- @BeforeMethod methodSetUp -->
  <testcase classname="genericUtilities.BaseClass" name="@AfterClass classShutDown" time="-1.723264182571E9">
    <skipped/>
  </testcase> <!-- @AfterClass classShutDown -->
</testsuite> <!-- Test -->
