<?xml version="1.0" encoding="UTF-8"?>
<testng-results ignored="0" total="1" passed="1" failed="0" skipped="0">
  <reporter-output>
    <line>
      <![CDATA[Hello Universe!]]>
    </line>
  </reporter-output>
  <suite started-at="2024-08-17T09:58:37 IST" name="Suite" finished-at="2024-08-17T09:58:37 IST" duration-ms="155">
    <groups>
    </groups>
    <test started-at="2024-08-17T09:58:37 IST" name="Test" finished-at="2024-08-17T09:58:37 IST" duration-ms="155">
      <class name="testNG.SampleTest">
        <test-method signature="demo()[pri:0, instance:testNG.SampleTest@42e99e4a]" started-at="2024-08-17T09:58:37 IST" name="demo" finished-at="2024-08-17T09:58:37 IST" duration-ms="41" status="PASS">
          <reporter-output>
            <line>
              <![CDATA[Hello Universe!]]>
            </line>
          </reporter-output>
        </test-method> <!-- demo -->
      </class> <!-- testNG.SampleTest -->
    </test> <!-- Test -->
  </suite> <!-- Suite -->
</testng-results>
